# Logfile created on 2024-06-03 14:31:35 -0600 by logger.rb/v1.6.0
I, [2024-06-03T14:31:56.148914 #27810]  INFO -- : This is a log message in Rails
I, [2024-06-03T14:33:41.672371 #27888]  INFO -- : This is a log message in Rails
I, [2024-06-03T16:05:42.049489 #10127]  INFO -- : This is a log message in Rails
I, [2024-06-20T16:08:27.481186 #16331]  INFO -- : This is a log message in Rails
I, [2024-06-20T16:08:50.542374 #16351]  INFO -- : This is a log message in Rails
I, [2024-06-20T16:09:23.037258 #16379]  INFO -- : This is a log message in Rails
I, [2024-06-20T16:10:29.337843 #16430]  INFO -- : This is a log message in Rails
I, [2024-06-20T16:11:10.555577 #16461]  INFO -- : This is a log message in Rails
I, [2024-06-20T16:26:03.783685 #17120]  INFO -- : ---------------------------------------
I, [2024-06-20T16:26:03.793735 #17120]  INFO -- : Starts importing.
I, [2024-06-20T16:26:53.439729 #17151]  INFO -- : ---------------------------------------
I, [2024-06-20T16:26:53.439817 #17151]  INFO -- : Starts importing.
I, [2024-06-20T16:27:24.014202 #17179]  INFO -- : ---------------------------------------
I, [2024-06-20T16:27:24.014307 #17179]  INFO -- : Starts importing.
I, [2024-06-20T16:27:38.449179 #17211]  INFO -- : ---------------------------------------
I, [2024-06-20T16:27:38.449260 #17211]  INFO -- : Starts importing.
I, [2024-06-20T16:27:38.468226 #17211]  INFO -- : Importing finished.
I, [2024-06-20T16:35:48.230596 #17338]  INFO -- : ---------------------------------------
I, [2024-06-20T16:35:48.237572 #17338]  INFO -- : Starts importing.
I, [2024-06-20T16:35:48.261940 #17338]  INFO -- : Importing finished.
I, [2024-06-20T16:37:08.779404 #17377]  INFO -- : ---------------------------------------
I, [2024-06-20T16:37:08.779491 #17377]  INFO -- : Starts importing.
I, [2024-06-20T16:37:41.657420 #17409]  INFO -- : ---------------------------------------
I, [2024-06-20T16:37:41.657498 #17409]  INFO -- : Starts importing.
I, [2024-06-20T16:39:39.267546 #17456]  INFO -- : ---------------------------------------
I, [2024-06-20T16:39:39.267624 #17456]  INFO -- : Starts importing.
I, [2024-06-20T16:43:34.353946 #17515]  INFO -- : ---------------------------------------
I, [2024-06-20T16:43:34.354029 #17515]  INFO -- : Starts importing.
I, [2024-06-20T16:43:34.383189 #17515]  INFO -- : Importing finished.
I, [2024-06-20T16:54:05.996386 #17672]  INFO -- : ---------------------------------------
I, [2024-06-20T16:54:06.000654 #17672]  INFO -- : Starts importing.
I, [2024-06-20T16:55:59.237290 #17716]  INFO -- : ---------------------------------------
I, [2024-06-20T16:55:59.245896 #17716]  INFO -- : Starts importing.
I, [2024-06-20T16:58:14.250416 #17765]  INFO -- : ---------------------------------------
I, [2024-06-20T16:58:14.250500 #17765]  INFO -- : Starts importing.
I, [2024-06-20T16:59:59.813008 #17806]  INFO -- : ---------------------------------------
I, [2024-06-20T16:59:59.813089 #17806]  INFO -- : Starts importing.
I, [2024-06-20T17:01:53.114672 #17849]  INFO -- : ---------------------------------------
I, [2024-06-20T17:01:53.123366 #17849]  INFO -- : Starts importing.
I, [2024-06-20T17:03:21.237789 #17889]  INFO -- : ---------------------------------------
I, [2024-06-20T17:03:21.237870 #17889]  INFO -- : Starts importing.
I, [2024-06-20T17:03:21.246158 #17889]  INFO -- : Importing finished.
I, [2024-06-20T17:04:22.376712 #17921]  INFO -- : ---------------------------------------
I, [2024-06-20T17:04:22.376794 #17921]  INFO -- : Starts importing.
I, [2024-06-20T17:04:22.385120 #17921]  INFO -- : Importing finished.
I, [2024-06-20T17:04:55.784798 #17950]  INFO -- : ---------------------------------------
I, [2024-06-20T17:04:55.784879 #17950]  INFO -- : Starts importing.
I, [2024-06-20T17:04:55.791531 #17950]  INFO -- : Importing finished.
I, [2024-06-20T17:05:23.925128 #17979]  INFO -- : ---------------------------------------
I, [2024-06-20T17:05:23.928058 #17979]  INFO -- : Starts importing.
I, [2024-06-20T17:05:23.958876 #17979]  INFO -- : Importing finished.
I, [2024-06-20T17:08:26.782184 #18057]  INFO -- : ---------------------------------------
I, [2024-06-20T17:08:26.782298 #18057]  INFO -- : Starts importing.
I, [2024-06-20T17:08:26.789003 #18057]  INFO -- : Importing finished.
I, [2024-06-20T17:08:46.747029 #18088]  INFO -- : ---------------------------------------
I, [2024-06-20T17:08:46.747104 #18088]  INFO -- : Starts importing.
I, [2024-06-20T17:08:46.771555 #18088]  INFO -- : Importing finished.
I, [2024-06-20T17:09:33.278419 #24819]  INFO -- : ---------------------------------------
I, [2024-06-20T17:09:33.290433 #24819]  INFO -- : Starts importing.
I, [2024-06-20T17:09:33.317694 #24819]  INFO -- : Importing finished.
I, [2024-06-20T17:09:49.995900 #29755]  INFO -- : ---------------------------------------
I, [2024-06-20T17:09:49.995980 #29755]  INFO -- : Starts importing.
I, [2024-06-20T17:09:50.004662 #29755]  INFO -- : Importing finished.
I, [2024-06-20T17:10:08.382620 #30412]  INFO -- : ---------------------------------------
I, [2024-06-20T17:10:08.382744 #30412]  INFO -- : Starts importing.
I, [2024-06-20T17:10:08.413362 #30412]  INFO -- : Importing finished.
I, [2024-06-20T17:10:52.533145 #30443]  INFO -- : ---------------------------------------
I, [2024-06-20T17:10:52.533230 #30443]  INFO -- : Starts importing.
I, [2024-06-20T17:10:52.544809 #30443]  INFO -- : Importing finished.
I, [2024-06-20T17:14:52.319547 #30507]  INFO -- : ---------------------------------------
I, [2024-06-20T17:14:52.319632 #30507]  INFO -- : Starts importing.
I, [2024-06-20T17:15:25.750235 #30536]  INFO -- : ---------------------------------------
I, [2024-06-20T17:15:25.750317 #30536]  INFO -- : Starts importing.
I, [2024-06-20T17:15:25.763184 #30536]  INFO -- : Importing finished.
I, [2024-06-20T17:18:39.118975 #30587]  INFO -- : ---------------------------------------
I, [2024-06-20T17:18:39.119060 #30587]  INFO -- : Starts importing.
I, [2024-06-20T17:18:39.122381 #30587]  INFO -- : Importing finished.
I, [2024-06-20T17:20:18.514892 #30628]  INFO -- : ---------------------------------------
I, [2024-06-20T17:20:18.514970 #30628]  INFO -- : Starts importing.
I, [2024-06-20T17:20:18.517923 #30628]  INFO -- : Importing finished.
I, [2024-06-20T17:20:43.779198 #30657]  INFO -- : ---------------------------------------
I, [2024-06-20T17:20:43.779282 #30657]  INFO -- : Starts importing.
I, [2024-06-20T17:20:43.782601 #30657]  INFO -- : Importing finished.
I, [2024-06-20T17:21:49.971822 #30694]  INFO -- : ---------------------------------------
I, [2024-06-20T17:21:49.971901 #30694]  INFO -- : Starts importing.
I, [2024-06-20T17:21:49.975030 #30694]  INFO -- : Importing finished.
I, [2024-06-20T17:22:30.736536 #30724]  INFO -- : ---------------------------------------
I, [2024-06-20T17:22:30.736619 #30724]  INFO -- : Starts importing.
I, [2024-06-20T17:22:30.739609 #30724]  INFO -- : Importing finished.
I, [2024-06-20T17:23:17.862801 #30758]  INFO -- : ---------------------------------------
I, [2024-06-20T17:23:17.862885 #30758]  INFO -- : Starts importing.
I, [2024-06-20T17:23:17.866199 #30758]  INFO -- : Importing finished.
I, [2024-06-20T17:25:38.232759 #30805]  INFO -- : ---------------------------------------
I, [2024-06-20T17:25:38.232844 #30805]  INFO -- : Starts importing.
I, [2024-06-20T17:25:38.236171 #30805]  INFO -- : Importing finished.
I, [2024-06-20T17:26:07.847013 #30832]  INFO -- : ---------------------------------------
I, [2024-06-20T17:26:07.847100 #30832]  INFO -- : Starts importing.
I, [2024-06-20T17:26:07.850387 #30832]  INFO -- : Importing finished.
I, [2024-06-20T17:28:28.314537 #30877]  INFO -- : ---------------------------------------
I, [2024-06-20T17:28:28.314624 #30877]  INFO -- : Starts importing.
I, [2024-06-20T17:28:28.317869 #30877]  INFO -- : Importing finished.
I, [2024-06-20T17:28:53.941044 #30911]  INFO -- : ---------------------------------------
I, [2024-06-20T17:28:53.941123 #30911]  INFO -- : Starts importing.
I, [2024-06-20T17:28:53.945295 #30911]  INFO -- : Importing finished.
I, [2024-06-20T17:29:24.598285 #30939]  INFO -- : ---------------------------------------
I, [2024-06-20T17:29:24.598364 #30939]  INFO -- : Starts importing.
I, [2024-06-20T17:29:24.601618 #30939]  INFO -- : Importing finished.
I, [2024-06-20T17:30:40.637780 #30976]  INFO -- : ---------------------------------------
I, [2024-06-20T17:30:40.637865 #30976]  INFO -- : Starts importing.
I, [2024-06-20T17:30:40.641473 #30976]  INFO -- : Importing finished.
I, [2024-06-20T17:31:43.622478 #31008]  INFO -- : ---------------------------------------
I, [2024-06-20T17:31:43.622563 #31008]  INFO -- : Starts importing.
I, [2024-06-20T17:31:43.625747 #31008]  INFO -- : Importing finished.
I, [2024-06-20T17:32:01.311765 #31035]  INFO -- : ---------------------------------------
I, [2024-06-20T17:32:01.311845 #31035]  INFO -- : Starts importing.
I, [2024-06-20T17:32:01.315070 #31035]  INFO -- : Importing finished.
I, [2024-06-20T17:32:25.320458 #31061]  INFO -- : ---------------------------------------
I, [2024-06-20T17:32:25.320538 #31061]  INFO -- : Starts importing.
I, [2024-06-20T17:32:25.323891 #31061]  INFO -- : Importing finished.
I, [2024-06-20T17:32:37.285164 #31086]  INFO -- : ---------------------------------------
I, [2024-06-20T17:32:37.285244 #31086]  INFO -- : Starts importing.
I, [2024-06-20T17:32:37.289104 #31086]  INFO -- : Importing finished.
I, [2024-06-20T17:33:01.006132 #31113]  INFO -- : ---------------------------------------
I, [2024-06-20T17:33:01.006210 #31113]  INFO -- : Starts importing.
I, [2024-06-20T17:33:01.009343 #31113]  INFO -- : Importing finished.
I, [2024-06-20T17:33:24.842157 #31139]  INFO -- : ---------------------------------------
I, [2024-06-20T17:33:24.842237 #31139]  INFO -- : Starts importing.
I, [2024-06-20T17:33:24.845219 #31139]  INFO -- : Importing finished.
I, [2024-06-20T17:33:57.537572 #31167]  INFO -- : ---------------------------------------
I, [2024-06-20T17:33:57.537654 #31167]  INFO -- : Starts importing.
I, [2024-06-20T17:33:57.540867 #31167]  INFO -- : Importing finished.
I, [2024-06-20T17:35:04.996029 #31201]  INFO -- : ---------------------------------------
I, [2024-06-20T17:35:04.996109 #31201]  INFO -- : Starts importing.
I, [2024-06-20T17:35:04.999075 #31201]  INFO -- : Importing finished.
I, [2024-06-20T17:36:14.688607 #31237]  INFO -- : ---------------------------------------
I, [2024-06-20T17:36:14.688687 #31237]  INFO -- : Starts importing.
I, [2024-06-20T17:36:14.691563 #31237]  INFO -- : Importing finished.
I, [2024-06-20T17:36:36.106158 #31263]  INFO -- : ---------------------------------------
I, [2024-06-20T17:36:36.106237 #31263]  INFO -- : Starts importing.
I, [2024-06-20T17:36:36.109128 #31263]  INFO -- : Importing finished.
I, [2024-06-20T17:39:20.048990 #31316]  INFO -- : ---------------------------------------
I, [2024-06-20T17:39:20.049073 #31316]  INFO -- : Starts importing.
I, [2024-06-20T17:39:20.052248 #31316]  INFO -- : Importing finished.
I, [2024-06-20T17:50:23.271989 #31450]  INFO -- : ---------------------------------------
I, [2024-06-20T17:50:23.287421 #31450]  INFO -- : Starts importing.
I, [2024-06-20T17:50:23.310242 #31450]  INFO -- : Importing finished.
I, [2024-06-20T17:56:13.015760 #31555]  INFO -- : ---------------------------------------
I, [2024-06-20T17:56:13.024785 #31555]  INFO -- : Starts importing.
I, [2024-06-20T17:56:13.045120 #31555]  INFO -- : Importing finished.
I, [2024-06-20T18:00:37.057658 #31776]  INFO -- : ---------------------------------------
I, [2024-06-20T18:00:37.068455 #31776]  INFO -- : Starts importing.
I, [2024-06-20T18:00:37.089677 #31776]  INFO -- : Importing finished.
I, [2024-06-20T18:03:01.303581 #31831]  INFO -- : ---------------------------------------
I, [2024-06-20T18:03:01.315736 #31831]  INFO -- : Starts importing.
I, [2024-06-20T18:03:01.335669 #31831]  INFO -- : Importing finished.
I, [2024-06-20T18:08:59.211699 #31948]  INFO -- : ---------------------------------------
I, [2024-06-20T18:08:59.217134 #31948]  INFO -- : Starts importing.
I, [2024-06-20T18:09:54.810144 #31986]  INFO -- : ---------------------------------------
I, [2024-06-20T18:09:54.810226 #31986]  INFO -- : Starts importing.
I, [2024-06-20T18:09:54.813417 #31986]  INFO -- : Importing finished.
I, [2024-06-20T18:13:45.036316 #32068]  INFO -- : ---------------------------------------
I, [2024-06-20T18:13:45.036547 #32068]  INFO -- : Starts importing.
I, [2024-06-20T18:14:18.345552 #32096]  INFO -- : ---------------------------------------
I, [2024-06-20T18:14:18.345638 #32096]  INFO -- : Starts importing.
I, [2024-06-20T18:14:18.348903 #32096]  INFO -- : Importing finished.
I, [2024-06-20T18:16:15.557179 #32144]  INFO -- : ---------------------------------------
I, [2024-06-20T18:16:15.557261 #32144]  INFO -- : Starts importing.
I, [2024-06-20T18:16:15.560500 #32144]  INFO -- : Importing finished.
I, [2024-06-20T18:18:29.577780 #32195]  INFO -- : ---------------------------------------
I, [2024-06-20T18:18:29.577863 #32195]  INFO -- : Starts importing.
I, [2024-06-20T18:18:29.581131 #32195]  INFO -- : Importing finished.
I, [2024-06-20T18:20:14.441792 #32243]  INFO -- : ---------------------------------------
I, [2024-06-20T18:20:14.441874 #32243]  INFO -- : Starts importing.
I, [2024-06-20T18:20:14.460523 #32243]  INFO -- : Importing finished.
I, [2024-06-20T18:20:47.763616 #32276]  INFO -- : ---------------------------------------
I, [2024-06-20T18:20:47.763700 #32276]  INFO -- : Starts importing.
I, [2024-06-20T18:20:47.779943 #32276]  INFO -- : Importing finished.
I, [2024-06-20T18:23:19.201335 #32328]  INFO -- : ---------------------------------------
I, [2024-06-20T18:23:19.201422 #32328]  INFO -- : Starts importing.
I, [2024-06-20T18:23:31.982699 #32354]  INFO -- : ---------------------------------------
I, [2024-06-20T18:23:31.982784 #32354]  INFO -- : Starts importing.
I, [2024-06-20T18:23:31.986090 #32354]  INFO -- : Importing finished.
